<?xml version="1.0" encoding="UTF-8"?>
<!-- Generated by org.testng.reporters.JUnitReportReporter -->
<testsuite hostname="Swathi" failures="0" tests="1" name="com.pack.Usingdatepicker" time="19.698" errors="0" timestamp="2020-08-13T13:00:48 IST" skipped="0">
  <testcase classname="com.pack.Usingdatepicker" name="method" time="19.698"/>
</testsuite> <!-- com.pack.Usingdatepicker -->
