<?xml version="1.0" encoding="UTF-8"?>
<!-- Generated by org.testng.reporters.JUnitReportReporter -->
<testsuite hostname="Swathi" failures="0" tests="2" name="pomtests.DataDrivenProductCatSearch" time="48.584" errors="0" timestamp="2020-06-24T11:37:26 IST" skipped="0">
  <testcase classname="pomtests.DataDrivenProductCatSearch" name="ebayTest" time="23.466"/>
  <system-out/>
  <testcase classname="pomtests.DataDrivenProductCatSearch" name="ebayTest" time="25.118"/>
  <system-out/>
</testsuite> <!-- pomtests.DataDrivenProductCatSearch -->
