<?xml version="1.0" encoding="UTF-8"?>
<!-- Generated by org.testng.reporters.JUnitReportReporter -->
<testsuite hostname="Swathi" failures="0" tests="2" name="pomtests.HybridDatadrivenFramework" time="89.180" errors="0" timestamp="2020-06-24T11:59:52 IST" skipped="0">
  <testcase classname="pomtests.HybridDatadrivenFramework" name="ebayTest" time="59.981"/>
  <system-out/>
  <testcase classname="pomtests.HybridDatadrivenFramework" name="ebayTest" time="29.199"/>
  <system-out/>
</testsuite> <!-- pomtests.HybridDatadrivenFramework -->
