<?xml version="1.0" encoding="UTF-8"?>
<!-- Generated by org.testng.reporters.JUnitReportReporter -->
<testsuite hostname="Swathi" failures="0" tests="1" name="DataDriven" time="33.882" errors="0" timestamp="2020-06-24T11:02:52 IST" skipped="0">
  <testcase classname="DataDriven" name="driventest" time="33.882"/>
  <system-out/>
</testsuite> <!-- DataDriven -->
