<?xml version="1.0" encoding="UTF-8"?>
<!-- Generated by org.testng.reporters.JUnitReportReporter -->
<testsuite hostname="Swathi" failures="0" tests="1" name="pomtests.EbayTest" time="26.186" errors="0" timestamp="2020-06-21T16:42:41 IST" skipped="0">
  <testcase classname="pomtests.EbayTest" name="EbayProdSearch" time="26.186"/>
</testsuite> <!-- pomtests.EbayTest -->
