<?xml version="1.0" encoding="UTF-8"?>
<!-- Generated by org.testng.reporters.JUnitReportReporter -->
<testsuite skipped="0" hostname="Swathi" name="pomtests.DataDrivenProductCatSearch" tests="2" failures="0" timestamp="2020-06-24T15:52:25 IST" time="67.559" errors="0">
  <testcase name="ebayTest" time="36.326" classname="pomtests.DataDrivenProductCatSearch"/>
  <testcase name="ebayTest" time="31.233" classname="pomtests.DataDrivenProductCatSearch"/>
</testsuite> <!-- pomtests.DataDrivenProductCatSearch -->
