<?xml version="1.0" encoding="UTF-8"?>
<!-- Generated by org.testng.reporters.JUnitReportReporter -->
<testsuite skipped="0" hostname="Swathi" name="keyworddriven.KeywordDataDrivenFramework" tests="1" failures="0" timestamp="2020-06-24T15:52:25 IST" time="47.818" errors="0">
  <testcase name="myTest" time="47.818" classname="keyworddriven.KeywordDataDrivenFramework"/>
</testsuite> <!-- keyworddriven.KeywordDataDrivenFramework -->
